2025/07/08 11:36:37 [error] [system.db.CDbCommand] CDbCommand::fetchAll() failed: SQLSTATE[42S02]: Base table or view not found: 1146 Table 'yii1_todo.task' doesn't exist. The SQL statement executed was: SHOW FULL COLUMNS FROM `task`.
in /var/www/html/protected/controllers/ApiController.php (7)
in /var/www/html/index.php (13)
2025/07/08 11:36:37 [error] [exception.CDbException] CDbException: The table "task" for active record class "Task" cannot be found in the database. in /var/www/html/framework/db/ar/CActiveRecord.php:2391
Stack trace:
#0 /var/www/html/framework/db/ar/CActiveRecord.php(413): CActiveRecordMetaData->__construct(Object(Task))
#1 /var/www/html/framework/db/ar/CActiveRecord.php(663): CActiveRecord->getMetaData()
#2 /var/www/html/framework/db/ar/CActiveRecord.php(1358): CActiveRecord->getTableSchema()
#3 /var/www/html/framework/db/ar/CActiveRecord.php(1478): CActiveRecord->query(Object(CDbCriteria), true)
#4 /var/www/html/protected/controllers/ApiController.php(7): CActiveRecord->findAll()
#5 /var/www/html/framework/web/actions/CInlineAction.php(49): ApiController->actionList()
#6 /var/www/html/framework/web/CController.php(308): CInlineAction->runWithParams(Array)
#7 /var/www/html/framework/web/CController.php(286): CController->runAction(Object(CInlineAction))
#8 /var/www/html/framework/web/CController.php(265): CController->runActionWithFilters(Object(CInlineAction), Array)
#9 /var/www/html/framework/web/CWebApplication.php(282): CController->run('list')
#10 /var/www/html/framework/web/CWebApplication.php(141): CWebApplication->runController('api/list')
#11 /var/www/html/framework/base/CApplication.php(185): CWebApplication->processRequest()
#12 /var/www/html/index.php(13): CApplication->run()
#13 {main}
REQUEST_URI=/api/list
HTTP_REFERER=http://localhost:8080/
---
2025/07/08 11:36:45 [error] [system.db.CDbCommand] CDbCommand::fetchAll() failed: SQLSTATE[42S02]: Base table or view not found: 1146 Table 'yii1_todo.task' doesn't exist. The SQL statement executed was: SHOW FULL COLUMNS FROM `task`.
in /var/www/html/protected/controllers/ApiController.php (7)
in /var/www/html/index.php (13)
2025/07/08 11:36:45 [error] [exception.CDbException] CDbException: The table "task" for active record class "Task" cannot be found in the database. in /var/www/html/framework/db/ar/CActiveRecord.php:2391
Stack trace:
#0 /var/www/html/framework/db/ar/CActiveRecord.php(413): CActiveRecordMetaData->__construct(Object(Task))
#1 /var/www/html/framework/db/ar/CActiveRecord.php(663): CActiveRecord->getMetaData()
#2 /var/www/html/framework/db/ar/CActiveRecord.php(1358): CActiveRecord->getTableSchema()
#3 /var/www/html/framework/db/ar/CActiveRecord.php(1478): CActiveRecord->query(Object(CDbCriteria), true)
#4 /var/www/html/protected/controllers/ApiController.php(7): CActiveRecord->findAll()
#5 /var/www/html/framework/web/actions/CInlineAction.php(49): ApiController->actionList()
#6 /var/www/html/framework/web/CController.php(308): CInlineAction->runWithParams(Array)
#7 /var/www/html/framework/web/CController.php(286): CController->runAction(Object(CInlineAction))
#8 /var/www/html/framework/web/CController.php(265): CController->runActionWithFilters(Object(CInlineAction), Array)
#9 /var/www/html/framework/web/CWebApplication.php(282): CController->run('list')
#10 /var/www/html/framework/web/CWebApplication.php(141): CWebApplication->runController('api/list')
#11 /var/www/html/framework/base/CApplication.php(185): CWebApplication->processRequest()
#12 /var/www/html/index.php(13): CApplication->run()
#13 {main}
REQUEST_URI=/api/list
HTTP_REFERER=http://localhost:8080/
---
2025/07/08 11:36:45 [error] [exception.CHttpException.404] CHttpException: Unable to resolve the request "favicon.ico". in /var/www/html/framework/web/CWebApplication.php:286
Stack trace:
#0 /var/www/html/framework/web/CWebApplication.php(141): CWebApplication->runController('favicon.ico')
#1 /var/www/html/framework/base/CApplication.php(185): CWebApplication->processRequest()
#2 /var/www/html/index.php(13): CApplication->run()
#3 {main}
REQUEST_URI=/favicon.ico
HTTP_REFERER=http://localhost:8080/
---
2025/07/08 11:46:38 [error] [system.db.CDbCommand] CDbCommand::fetchAll() failed: SQLSTATE[42S02]: Base table or view not found: 1146 Table 'yii1_todo.task' doesn't exist. The SQL statement executed was: SHOW FULL COLUMNS FROM `task`.
in /var/www/html/protected/controllers/ApiController.php (7)
in /var/www/html/index.php (13)
2025/07/08 11:46:38 [error] [exception.CDbException] CDbException: The table "task" for active record class "Task" cannot be found in the database. in /var/www/html/framework/db/ar/CActiveRecord.php:2391
Stack trace:
#0 /var/www/html/framework/db/ar/CActiveRecord.php(413): CActiveRecordMetaData->__construct(Object(Task))
#1 /var/www/html/framework/db/ar/CActiveRecord.php(663): CActiveRecord->getMetaData()
#2 /var/www/html/framework/db/ar/CActiveRecord.php(1358): CActiveRecord->getTableSchema()
#3 /var/www/html/framework/db/ar/CActiveRecord.php(1478): CActiveRecord->query(Object(CDbCriteria), true)
#4 /var/www/html/protected/controllers/ApiController.php(7): CActiveRecord->findAll()
#5 /var/www/html/framework/web/actions/CInlineAction.php(49): ApiController->actionList()
#6 /var/www/html/framework/web/CController.php(308): CInlineAction->runWithParams(Array)
#7 /var/www/html/framework/web/CController.php(286): CController->runAction(Object(CInlineAction))
#8 /var/www/html/framework/web/CController.php(265): CController->runActionWithFilters(Object(CInlineAction), Array)
#9 /var/www/html/framework/web/CWebApplication.php(282): CController->run('list')
#10 /var/www/html/framework/web/CWebApplication.php(141): CWebApplication->runController('api/list')
#11 /var/www/html/framework/base/CApplication.php(185): CWebApplication->processRequest()
#12 /var/www/html/index.php(13): CApplication->run()
#13 {main}
REQUEST_URI=/api/list
HTTP_REFERER=http://localhost:8080/
---
2025/07/08 11:46:43 [error] [system.db.CDbCommand] CDbCommand::fetchAll() failed: SQLSTATE[42S02]: Base table or view not found: 1146 Table 'yii1_todo.task' doesn't exist. The SQL statement executed was: SHOW FULL COLUMNS FROM `task`.
in /var/www/html/protected/controllers/ApiController.php (7)
in /var/www/html/index.php (13)
2025/07/08 11:46:43 [error] [exception.CDbException] CDbException: The table "task" for active record class "Task" cannot be found in the database. in /var/www/html/framework/db/ar/CActiveRecord.php:2391
Stack trace:
#0 /var/www/html/framework/db/ar/CActiveRecord.php(413): CActiveRecordMetaData->__construct(Object(Task))
#1 /var/www/html/framework/db/ar/CActiveRecord.php(663): CActiveRecord->getMetaData()
#2 /var/www/html/framework/db/ar/CActiveRecord.php(1358): CActiveRecord->getTableSchema()
#3 /var/www/html/framework/db/ar/CActiveRecord.php(1478): CActiveRecord->query(Object(CDbCriteria), true)
#4 /var/www/html/protected/controllers/ApiController.php(7): CActiveRecord->findAll()
#5 /var/www/html/framework/web/actions/CInlineAction.php(49): ApiController->actionList()
#6 /var/www/html/framework/web/CController.php(308): CInlineAction->runWithParams(Array)
#7 /var/www/html/framework/web/CController.php(286): CController->runAction(Object(CInlineAction))
#8 /var/www/html/framework/web/CController.php(265): CController->runActionWithFilters(Object(CInlineAction), Array)
#9 /var/www/html/framework/web/CWebApplication.php(282): CController->run('list')
#10 /var/www/html/framework/web/CWebApplication.php(141): CWebApplication->runController('api/list')
#11 /var/www/html/framework/base/CApplication.php(185): CWebApplication->processRequest()
#12 /var/www/html/index.php(13): CApplication->run()
#13 {main}
REQUEST_URI=/api/list
HTTP_REFERER=http://localhost:8080/
---
2025/07/08 11:46:43 [error] [exception.CHttpException.404] CHttpException: Unable to resolve the request "favicon.ico". in /var/www/html/framework/web/CWebApplication.php:286
Stack trace:
#0 /var/www/html/framework/web/CWebApplication.php(141): CWebApplication->runController('favicon.ico')
#1 /var/www/html/framework/base/CApplication.php(185): CWebApplication->processRequest()
#2 /var/www/html/index.php(13): CApplication->run()
#3 {main}
REQUEST_URI=/favicon.ico
HTTP_REFERER=http://localhost:8080/
---
2025/07/08 11:51:28 [error] [system.db.CDbCommand] CDbCommand::fetchAll() failed: SQLSTATE[42S02]: Base table or view not found: 1146 Table 'yii1_todo.task' doesn't exist. The SQL statement executed was: SHOW FULL COLUMNS FROM `task`.
in /var/www/html/protected/controllers/ApiController.php (7)
in /var/www/html/index.php (13)
2025/07/08 11:51:28 [error] [exception.CDbException] CDbException: The table "task" for active record class "Task" cannot be found in the database. in /var/www/html/framework/db/ar/CActiveRecord.php:2391
Stack trace:
#0 /var/www/html/framework/db/ar/CActiveRecord.php(413): CActiveRecordMetaData->__construct(Object(Task))
#1 /var/www/html/framework/db/ar/CActiveRecord.php(663): CActiveRecord->getMetaData()
#2 /var/www/html/framework/db/ar/CActiveRecord.php(1358): CActiveRecord->getTableSchema()
#3 /var/www/html/framework/db/ar/CActiveRecord.php(1478): CActiveRecord->query(Object(CDbCriteria), true)
#4 /var/www/html/protected/controllers/ApiController.php(7): CActiveRecord->findAll()
#5 /var/www/html/framework/web/actions/CInlineAction.php(49): ApiController->actionList()
#6 /var/www/html/framework/web/CController.php(308): CInlineAction->runWithParams(Array)
#7 /var/www/html/framework/web/CController.php(286): CController->runAction(Object(CInlineAction))
#8 /var/www/html/framework/web/CController.php(265): CController->runActionWithFilters(Object(CInlineAction), Array)
#9 /var/www/html/framework/web/CWebApplication.php(282): CController->run('list')
#10 /var/www/html/framework/web/CWebApplication.php(141): CWebApplication->runController('api/list')
#11 /var/www/html/framework/base/CApplication.php(185): CWebApplication->processRequest()
#12 /var/www/html/index.php(13): CApplication->run()
#13 {main}
REQUEST_URI=/api/list
HTTP_REFERER=http://localhost:8080/
---
2025/07/08 11:57:41 [error] [exception.CHttpException.404] CHttpException: Unable to resolve the request "favicon.ico". in /var/www/html/framework/web/CWebApplication.php:286
Stack trace:
#0 /var/www/html/framework/web/CWebApplication.php(141): CWebApplication->runController('favicon.ico')
#1 /var/www/html/framework/base/CApplication.php(185): CWebApplication->processRequest()
#2 /var/www/html/index.php(13): CApplication->run()
#3 {main}
REQUEST_URI=/favicon.ico
HTTP_REFERER=http://localhost:8080/
---
2025/07/08 12:07:28 [error] [exception.CHttpException.404] CHttpException: Unable to resolve the request "favicon.ico". in /var/www/html/framework/web/CWebApplication.php:286
Stack trace:
#0 /var/www/html/framework/web/CWebApplication.php(141): CWebApplication->runController('favicon.ico')
#1 /var/www/html/framework/base/CApplication.php(185): CWebApplication->processRequest()
#2 /var/www/html/index.php(13): CApplication->run()
#3 {main}
REQUEST_URI=/favicon.ico
HTTP_REFERER=http://localhost:8080/
---
2025/07/08 12:07:28 [error] [system.db.CDbCommand] CDbCommand::fetchAll() failed: SQLSTATE[42S02]: Base table or view not found: 1146 Table 'yii1_todo.task' doesn't exist. The SQL statement executed was: SHOW FULL COLUMNS FROM `task`.
in /var/www/html/protected/controllers/ApiController.php (7)
in /var/www/html/index.php (13)
2025/07/08 12:07:28 [error] [exception.CDbException] CDbException: The table "task" for active record class "Task" cannot be found in the database. in /var/www/html/framework/db/ar/CActiveRecord.php:2391
Stack trace:
#0 /var/www/html/framework/db/ar/CActiveRecord.php(413): CActiveRecordMetaData->__construct(Object(Task))
#1 /var/www/html/framework/db/ar/CActiveRecord.php(663): CActiveRecord->getMetaData()
#2 /var/www/html/framework/db/ar/CActiveRecord.php(1358): CActiveRecord->getTableSchema()
#3 /var/www/html/framework/db/ar/CActiveRecord.php(1478): CActiveRecord->query(Object(CDbCriteria), true)
#4 /var/www/html/protected/controllers/ApiController.php(7): CActiveRecord->findAll()
#5 /var/www/html/framework/web/actions/CInlineAction.php(49): ApiController->actionList()
#6 /var/www/html/framework/web/CController.php(308): CInlineAction->runWithParams(Array)
#7 /var/www/html/framework/web/CController.php(286): CController->runAction(Object(CInlineAction))
#8 /var/www/html/framework/web/CController.php(265): CController->runActionWithFilters(Object(CInlineAction), Array)
#9 /var/www/html/framework/web/CWebApplication.php(282): CController->run('list')
#10 /var/www/html/framework/web/CWebApplication.php(141): CWebApplication->runController('api/list')
#11 /var/www/html/framework/base/CApplication.php(185): CWebApplication->processRequest()
#12 /var/www/html/index.php(13): CApplication->run()
#13 {main}
REQUEST_URI=/api/list
HTTP_REFERER=http://localhost:8080/
---
2025/07/08 12:08:34 [error] [system.db.CDbCommand] CDbCommand::fetchAll() failed: SQLSTATE[42S02]: Base table or view not found: 1146 Table 'yii1_todo.task' doesn't exist. The SQL statement executed was: SHOW FULL COLUMNS FROM `task`.
in /var/www/html/protected/controllers/ApiController.php (26)
in /var/www/html/index.php (13)
2025/07/08 12:08:34 [error] [exception.CDbException] CDbException: The table "task" for active record class "Task" cannot be found in the database. in /var/www/html/framework/db/ar/CActiveRecord.php:2391
Stack trace:
#0 /var/www/html/framework/db/ar/CActiveRecord.php(413): CActiveRecordMetaData->__construct(Object(Task))
#1 /var/www/html/framework/db/ar/CActiveRecord.php(79): CActiveRecord->getMetaData()
#2 /var/www/html/protected/controllers/ApiController.php(26): CActiveRecord->__construct()
#3 /var/www/html/framework/web/actions/CInlineAction.php(49): ApiController->actionCreate()
#4 /var/www/html/framework/web/CController.php(308): CInlineAction->runWithParams(Array)
#5 /var/www/html/framework/web/CController.php(286): CController->runAction(Object(CInlineAction))
#6 /var/www/html/framework/web/CController.php(265): CController->runActionWithFilters(Object(CInlineAction), Array)
#7 /var/www/html/framework/web/CWebApplication.php(282): CController->run('create')
#8 /var/www/html/framework/web/CWebApplication.php(141): CWebApplication->runController('api/create')
#9 /var/www/html/framework/base/CApplication.php(185): CWebApplication->processRequest()
#10 /var/www/html/index.php(13): CApplication->run()
#11 {main}
REQUEST_URI=/api/create
HTTP_REFERER=http://localhost:8080/
---
2025/07/08 12:08:42 [error] [system.db.CDbCommand] CDbCommand::fetchAll() failed: SQLSTATE[42S02]: Base table or view not found: 1146 Table 'yii1_todo.task' doesn't exist. The SQL statement executed was: SHOW FULL COLUMNS FROM `task`.
in /var/www/html/protected/controllers/ApiController.php (7)
in /var/www/html/index.php (13)
2025/07/08 12:08:42 [error] [exception.CDbException] CDbException: The table "task" for active record class "Task" cannot be found in the database. in /var/www/html/framework/db/ar/CActiveRecord.php:2391
Stack trace:
#0 /var/www/html/framework/db/ar/CActiveRecord.php(413): CActiveRecordMetaData->__construct(Object(Task))
#1 /var/www/html/framework/db/ar/CActiveRecord.php(663): CActiveRecord->getMetaData()
#2 /var/www/html/framework/db/ar/CActiveRecord.php(1358): CActiveRecord->getTableSchema()
#3 /var/www/html/framework/db/ar/CActiveRecord.php(1478): CActiveRecord->query(Object(CDbCriteria), true)
#4 /var/www/html/protected/controllers/ApiController.php(7): CActiveRecord->findAll()
#5 /var/www/html/framework/web/actions/CInlineAction.php(49): ApiController->actionList()
#6 /var/www/html/framework/web/CController.php(308): CInlineAction->runWithParams(Array)
#7 /var/www/html/framework/web/CController.php(286): CController->runAction(Object(CInlineAction))
#8 /var/www/html/framework/web/CController.php(265): CController->runActionWithFilters(Object(CInlineAction), Array)
#9 /var/www/html/framework/web/CWebApplication.php(282): CController->run('list')
#10 /var/www/html/framework/web/CWebApplication.php(141): CWebApplication->runController('api/list')
#11 /var/www/html/framework/base/CApplication.php(185): CWebApplication->processRequest()
#12 /var/www/html/index.php(13): CApplication->run()
#13 {main}
REQUEST_URI=/api/list
HTTP_REFERER=http://localhost:8080/
---
2025/07/08 12:08:49 [error] [exception.CHttpException.404] CHttpException: Unable to resolve the request ".well-known/appspecific/com.chrome.devtools.json". in /var/www/html/framework/web/CWebApplication.php:286
Stack trace:
#0 /var/www/html/framework/web/CWebApplication.php(141): CWebApplication->runController('.well-known/app...')
#1 /var/www/html/framework/base/CApplication.php(185): CWebApplication->processRequest()
#2 /var/www/html/index.php(13): CApplication->run()
#3 {main}
REQUEST_URI=/.well-known/appspecific/com.chrome.devtools.json
---
2025/07/08 12:09:14 [error] [system.db.CDbCommand] CDbCommand::fetchAll() failed: SQLSTATE[42S02]: Base table or view not found: 1146 Table 'yii1_todo.task' doesn't exist. The SQL statement executed was: SHOW FULL COLUMNS FROM `task`.
in /var/www/html/protected/controllers/ApiController.php (26)
in /var/www/html/index.php (13)
2025/07/08 12:09:14 [error] [exception.CDbException] CDbException: The table "task" for active record class "Task" cannot be found in the database. in /var/www/html/framework/db/ar/CActiveRecord.php:2391
Stack trace:
#0 /var/www/html/framework/db/ar/CActiveRecord.php(413): CActiveRecordMetaData->__construct(Object(Task))
#1 /var/www/html/framework/db/ar/CActiveRecord.php(79): CActiveRecord->getMetaData()
#2 /var/www/html/protected/controllers/ApiController.php(26): CActiveRecord->__construct()
#3 /var/www/html/framework/web/actions/CInlineAction.php(49): ApiController->actionCreate()
#4 /var/www/html/framework/web/CController.php(308): CInlineAction->runWithParams(Array)
#5 /var/www/html/framework/web/CController.php(286): CController->runAction(Object(CInlineAction))
#6 /var/www/html/framework/web/CController.php(265): CController->runActionWithFilters(Object(CInlineAction), Array)
#7 /var/www/html/framework/web/CWebApplication.php(282): CController->run('create')
#8 /var/www/html/framework/web/CWebApplication.php(141): CWebApplication->runController('api/create')
#9 /var/www/html/framework/base/CApplication.php(185): CWebApplication->processRequest()
#10 /var/www/html/index.php(13): CApplication->run()
#11 {main}
REQUEST_URI=/api/create
HTTP_REFERER=http://localhost:8080/
---
2025/07/08 12:11:45 [error] [system.db.CDbCommand] Error in preparing SQL: CREATE TABLE 'task' (
	"id" integer PRIMARY KEY AUTOINCREMENT NOT NULL,
	"title" varchar(255) NOT NULL,
	"is_done" tinyint(1) NOT NULL DEFAULT 0
) ENGINE=InnoDB CHARSET=utf8
2025/07/08 12:11:45 [error] [system.db.CDbCommand] CDbCommand::execute() failed: CDbCommand failed to prepare the SQL statement: SQLSTATE[HY000]: General error: 1 near "ENGINE": syntax error. The SQL statement executed was: CREATE TABLE 'task' (
	"id" integer PRIMARY KEY AUTOINCREMENT NOT NULL,
	"title" varchar(255) NOT NULL,
	"is_done" tinyint(1) NOT NULL DEFAULT 0
) ENGINE=InnoDB CHARSET=utf8.
2025/07/08 12:11:45 [error] [exception.CDbException] CDbException: CDbCommand failed to execute the SQL statement: CDbCommand failed to prepare the SQL statement: SQLSTATE[HY000]: General error: 1 near "ENGINE": syntax error. The SQL statement executed was: CREATE TABLE 'task' (
	"id" integer PRIMARY KEY AUTOINCREMENT NOT NULL,
	"title" varchar(255) NOT NULL,
	"is_done" tinyint(1) NOT NULL DEFAULT 0
) ENGINE=InnoDB CHARSET=utf8 in /var/www/html/framework/db/CDbCommand.php:358
Stack trace:
#0 /var/www/html/framework/db/CDbCommand.php(1352): CDbCommand->execute()
#1 /var/www/html/framework/db/CDbMigration.php(250): CDbCommand->createTable('task', Array, 'ENGINE=InnoDB C...')
#2 /var/www/html/protected/migrations/m250708_111640_create_task_table.php(11): CDbMigration->createTable('task', Array, 'ENGINE=InnoDB C...')
#3 /var/www/html/framework/cli/commands/MigrateCommand.php(415): m250708_111640_create_task_table->up()
#4 /var/www/html/framework/cli/commands/MigrateCommand.php(109): MigrateCommand->migrateUp('m250708_111640_...')
#5 [internal function]: MigrateCommand->actionUp(Array)
#6 /var/www/html/framework/console/CConsoleCommand.php(177): ReflectionMethod->invokeArgs(Object(MigrateCommand), Array)
#7 /var/www/html/framework/console/CConsoleCommandRunner.php(71): CConsoleCommand->run(Array)
#8 /var/www/html/framework/console/CConsoleApplication.php(92): CConsoleCommandRunner->run(Array)
#9 /var/www/html/framework/base/CApplication.php(185): CConsoleApplication->processRequest()
#10 /var/www/html/framework/yiic.php(33): CApplication->run()
#11 /var/www/html/protected/yiic.php(7): require_once('/var/www/html/f...')
#12 /var/www/html/protected/yiic(4): require_once('/var/www/html/p...')
#13 {main}
---
2025/07/08 12:13:41 [error] [system.db.CDbCommand] Error in preparing SQL: CREATE TABLE 'task' (
	"id" integer PRIMARY KEY AUTOINCREMENT NOT NULL,
	"title" varchar(255) NOT NULL,
	"is_done" tinyint(1) NOT NULL DEFAULT 0
) ENGINE=InnoDB CHARSET=utf8
2025/07/08 12:13:41 [error] [system.db.CDbCommand] CDbCommand::execute() failed: CDbCommand failed to prepare the SQL statement: SQLSTATE[HY000]: General error: 1 near "ENGINE": syntax error. The SQL statement executed was: CREATE TABLE 'task' (
	"id" integer PRIMARY KEY AUTOINCREMENT NOT NULL,
	"title" varchar(255) NOT NULL,
	"is_done" tinyint(1) NOT NULL DEFAULT 0
) ENGINE=InnoDB CHARSET=utf8.
2025/07/08 12:13:41 [error] [exception.CDbException] CDbException: CDbCommand failed to execute the SQL statement: CDbCommand failed to prepare the SQL statement: SQLSTATE[HY000]: General error: 1 near "ENGINE": syntax error. The SQL statement executed was: CREATE TABLE 'task' (
	"id" integer PRIMARY KEY AUTOINCREMENT NOT NULL,
	"title" varchar(255) NOT NULL,
	"is_done" tinyint(1) NOT NULL DEFAULT 0
) ENGINE=InnoDB CHARSET=utf8 in /var/www/html/framework/db/CDbCommand.php:358
Stack trace:
#0 /var/www/html/framework/db/CDbCommand.php(1352): CDbCommand->execute()
#1 /var/www/html/framework/db/CDbMigration.php(250): CDbCommand->createTable('task', Array, 'ENGINE=InnoDB C...')
#2 /var/www/html/protected/migrations/m250708_111640_create_task_table.php(11): CDbMigration->createTable('task', Array, 'ENGINE=InnoDB C...')
#3 /var/www/html/framework/cli/commands/MigrateCommand.php(415): m250708_111640_create_task_table->up()
#4 /var/www/html/framework/cli/commands/MigrateCommand.php(109): MigrateCommand->migrateUp('m250708_111640_...')
#5 [internal function]: MigrateCommand->actionUp(Array)
#6 /var/www/html/framework/console/CConsoleCommand.php(177): ReflectionMethod->invokeArgs(Object(MigrateCommand), Array)
#7 /var/www/html/framework/console/CConsoleCommandRunner.php(71): CConsoleCommand->run(Array)
#8 /var/www/html/framework/console/CConsoleApplication.php(92): CConsoleCommandRunner->run(Array)
#9 /var/www/html/framework/base/CApplication.php(185): CConsoleApplication->processRequest()
#10 /var/www/html/framework/yiic.php(33): CApplication->run()
#11 /var/www/html/protected/yiic.php(7): require_once('/var/www/html/f...')
#12 /var/www/html/protected/yiic(4): require_once('/var/www/html/p...')
#13 {main}
---
2025/07/08 12:21:46 [error] [system.db.CDbCommand] Error in preparing SQL: CREATE TABLE 'task' (
	"id" integer PRIMARY KEY AUTOINCREMENT NOT NULL,
	"title" varchar(255) NOT NULL,
	"is_done" tinyint(1) NOT NULL DEFAULT 0
) ENGINE=InnoDB CHARSET=utf8
2025/07/08 12:21:46 [error] [system.db.CDbCommand] CDbCommand::execute() failed: CDbCommand failed to prepare the SQL statement: SQLSTATE[HY000]: General error: 1 near "ENGINE": syntax error. The SQL statement executed was: CREATE TABLE 'task' (
	"id" integer PRIMARY KEY AUTOINCREMENT NOT NULL,
	"title" varchar(255) NOT NULL,
	"is_done" tinyint(1) NOT NULL DEFAULT 0
) ENGINE=InnoDB CHARSET=utf8.
2025/07/08 12:21:46 [error] [exception.CDbException] CDbException: CDbCommand failed to execute the SQL statement: CDbCommand failed to prepare the SQL statement: SQLSTATE[HY000]: General error: 1 near "ENGINE": syntax error. The SQL statement executed was: CREATE TABLE 'task' (
	"id" integer PRIMARY KEY AUTOINCREMENT NOT NULL,
	"title" varchar(255) NOT NULL,
	"is_done" tinyint(1) NOT NULL DEFAULT 0
) ENGINE=InnoDB CHARSET=utf8 in /var/www/html/framework/db/CDbCommand.php:358
Stack trace:
#0 /var/www/html/framework/db/CDbCommand.php(1352): CDbCommand->execute()
#1 /var/www/html/framework/db/CDbMigration.php(250): CDbCommand->createTable('task', Array, 'ENGINE=InnoDB C...')
#2 /var/www/html/protected/migrations/m250708_111640_create_task_table.php(11): CDbMigration->createTable('task', Array, 'ENGINE=InnoDB C...')
#3 /var/www/html/framework/cli/commands/MigrateCommand.php(415): m250708_111640_create_task_table->up()
#4 /var/www/html/framework/cli/commands/MigrateCommand.php(109): MigrateCommand->migrateUp('m250708_111640_...')
#5 [internal function]: MigrateCommand->actionUp(Array)
#6 /var/www/html/framework/console/CConsoleCommand.php(177): ReflectionMethod->invokeArgs(Object(MigrateCommand), Array)
#7 /var/www/html/framework/console/CConsoleCommandRunner.php(71): CConsoleCommand->run(Array)
#8 /var/www/html/framework/console/CConsoleApplication.php(92): CConsoleCommandRunner->run(Array)
#9 /var/www/html/framework/base/CApplication.php(185): CConsoleApplication->processRequest()
#10 /var/www/html/framework/yiic.php(33): CApplication->run()
#11 /var/www/html/protected/yiic.php(7): require_once('/var/www/html/f...')
#12 /var/www/html/protected/yiic(4): require_once('/var/www/html/p...')
#13 {main}
---
2025/07/08 12:27:03 [error] [exception.CException] CException: Property "CWebApplication.enableParamLogging" is not defined. in /var/www/html/framework/base/CComponent.php:172
Stack trace:
#0 /var/www/html/framework/base/CModule.php(520): CComponent->__set('enableParamLogg...', true)
#1 /var/www/html/framework/base/CApplication.php(166): CModule->configure(Array)
#2 /var/www/html/framework/YiiBase.php(132): CApplication->__construct(Array)
#3 /var/www/html/framework/YiiBase.php(105): YiiBase::createApplication('CWebApplication', '/var/www/html/p...')
#4 /var/www/html/index.php(13): YiiBase::createWebApplication('/var/www/html/p...')
#5 /var/www/html/framework/cli/commands/ShellCommand.php(78): require('/var/www/html/i...')
#6 /var/www/html/framework/console/CConsoleCommandRunner.php(71): ShellCommand->run(Array)
#7 /var/www/html/framework/console/CConsoleApplication.php(92): CConsoleCommandRunner->run(Array)
#8 /var/www/html/framework/base/CApplication.php(185): CConsoleApplication->processRequest()
#9 /var/www/html/framework/yiic.php(33): CApplication->run()
#10 /var/www/html/protected/yiic.php(7): require_once('/var/www/html/f...')
#11 /var/www/html/protected/yiic(4): require_once('/var/www/html/p...')
#12 {main}
REQUEST_URI=/index.php
---
2025/07/08 12:33:20 [error] [system.db.CDbCommand] CDbCommand::fetchAll() failed: SQLSTATE[42S02]: Base table or view not found: 1146 Table 'yii1_todo.tbl_migration' doesn't exist. The SQL statement executed was: SHOW FULL COLUMNS FROM `tbl_migration`.
2025/07/08 12:33:46 [error] [exception.CHttpException.404] CHttpException: Unable to resolve the request "favicon.ico". in /var/www/html/framework/web/CWebApplication.php:286
Stack trace:
#0 /var/www/html/framework/web/CWebApplication.php(141): CWebApplication->runController('favicon.ico')
#1 /var/www/html/framework/base/CApplication.php(185): CWebApplication->processRequest()
#2 /var/www/html/index.php(13): CApplication->run()
#3 {main}
REQUEST_URI=/favicon.ico
HTTP_REFERER=http://localhost:8080/
---
2025/07/08 12:34:31 [error] [exception.CHttpException.404] CHttpException: Unable to resolve the request ".well-known/appspecific/com.chrome.devtools.json". in /var/www/html/framework/web/CWebApplication.php:286
Stack trace:
#0 /var/www/html/framework/web/CWebApplication.php(141): CWebApplication->runController('.well-known/app...')
#1 /var/www/html/framework/base/CApplication.php(185): CWebApplication->processRequest()
#2 /var/www/html/index.php(13): CApplication->run()
#3 {main}
REQUEST_URI=/.well-known/appspecific/com.chrome.devtools.json
---
2025/07/08 12:45:40 [error] [exception.CHttpException.404] CHttpException: Unable to resolve the request ".well-known/appspecific/com.chrome.devtools.json". in /var/www/html/framework/web/CWebApplication.php:286
Stack trace:
#0 /var/www/html/framework/web/CWebApplication.php(141): CWebApplication->runController('.well-known/app...')
#1 /var/www/html/framework/base/CApplication.php(185): CWebApplication->processRequest()
#2 /var/www/html/index.php(13): CApplication->run()
#3 {main}
REQUEST_URI=/.well-known/appspecific/com.chrome.devtools.json
---
2025/07/08 12:45:41 [error] [exception.CHttpException.404] CHttpException: Unable to resolve the request "favicon.ico". in /var/www/html/framework/web/CWebApplication.php:286
Stack trace:
#0 /var/www/html/framework/web/CWebApplication.php(141): CWebApplication->runController('favicon.ico')
#1 /var/www/html/framework/base/CApplication.php(185): CWebApplication->processRequest()
#2 /var/www/html/index.php(13): CApplication->run()
#3 {main}
REQUEST_URI=/favicon.ico
HTTP_REFERER=http://localhost:8080/
---
2025/07/08 12:45:49 [error] [exception.CHttpException.404] CHttpException: Unable to resolve the request ".well-known/appspecific/com.chrome.devtools.json". in /var/www/html/framework/web/CWebApplication.php:286
Stack trace:
#0 /var/www/html/framework/web/CWebApplication.php(141): CWebApplication->runController('.well-known/app...')
#1 /var/www/html/framework/base/CApplication.php(185): CWebApplication->processRequest()
#2 /var/www/html/index.php(13): CApplication->run()
#3 {main}
REQUEST_URI=/.well-known/appspecific/com.chrome.devtools.json
---
2025/07/08 12:47:33 [error] [exception.CHttpException.404] CHttpException: Unable to resolve the request ".well-known/appspecific/com.chrome.devtools.json". in /var/www/html/framework/web/CWebApplication.php:286
Stack trace:
#0 /var/www/html/framework/web/CWebApplication.php(141): CWebApplication->runController('.well-known/app...')
#1 /var/www/html/framework/base/CApplication.php(185): CWebApplication->processRequest()
#2 /var/www/html/index.php(13): CApplication->run()
#3 {main}
REQUEST_URI=/.well-known/appspecific/com.chrome.devtools.json
---
2025/07/08 12:47:36 [error] [exception.CHttpException.404] CHttpException: Unable to resolve the request "favicon.ico". in /var/www/html/framework/web/CWebApplication.php:286
Stack trace:
#0 /var/www/html/framework/web/CWebApplication.php(141): CWebApplication->runController('favicon.ico')
#1 /var/www/html/framework/base/CApplication.php(185): CWebApplication->processRequest()
#2 /var/www/html/index.php(13): CApplication->run()
#3 {main}
REQUEST_URI=/favicon.ico
HTTP_REFERER=http://localhost:8080/
---
2025/07/08 12:54:17 [error] [exception.CHttpException.404] CHttpException: Unable to resolve the request "favicon.ico". in /var/www/html/framework/web/CWebApplication.php:286
Stack trace:
#0 /var/www/html/framework/web/CWebApplication.php(141): CWebApplication->runController('favicon.ico')
#1 /var/www/html/framework/base/CApplication.php(185): CWebApplication->processRequest()
#2 /var/www/html/index.php(13): CApplication->run()
#3 {main}
REQUEST_URI=/favicon.ico
HTTP_REFERER=http://localhost:8080/
---
2025/07/08 12:56:59 [error] [exception.CHttpException.404] CHttpException: Unable to resolve the request "favicon.ico". in /var/www/html/framework/web/CWebApplication.php:286
Stack trace:
#0 /var/www/html/framework/web/CWebApplication.php(141): CWebApplication->runController('favicon.ico')
#1 /var/www/html/framework/base/CApplication.php(185): CWebApplication->processRequest()
#2 /var/www/html/index.php(13): CApplication->run()
#3 {main}
REQUEST_URI=/favicon.ico
HTTP_REFERER=http://localhost:8080/
---
2025/07/08 12:57:19 [error] [exception.CHttpException.404] CHttpException: Unable to resolve the request "favicon.ico". in /var/www/html/framework/web/CWebApplication.php:286
Stack trace:
#0 /var/www/html/framework/web/CWebApplication.php(141): CWebApplication->runController('favicon.ico')
#1 /var/www/html/framework/base/CApplication.php(185): CWebApplication->processRequest()
#2 /var/www/html/index.php(13): CApplication->run()
#3 {main}
REQUEST_URI=/favicon.ico
HTTP_REFERER=http://localhost:8080/
---
2025/07/08 13:00:04 [error] [exception.CHttpException.404] CHttpException: Unable to resolve the request "favicon.ico". in /var/www/html/framework/web/CWebApplication.php:286
Stack trace:
#0 /var/www/html/framework/web/CWebApplication.php(141): CWebApplication->runController('favicon.ico')
#1 /var/www/html/framework/base/CApplication.php(185): CWebApplication->processRequest()
#2 /var/www/html/index.php(13): CApplication->run()
#3 {main}
REQUEST_URI=/favicon.ico
HTTP_REFERER=http://localhost:8080/
---
2025/07/08 13:00:30 [error] [exception.CHttpException.404] CHttpException: Unable to resolve the request "favicon.ico". in /var/www/html/framework/web/CWebApplication.php:286
Stack trace:
#0 /var/www/html/framework/web/CWebApplication.php(141): CWebApplication->runController('favicon.ico')
#1 /var/www/html/framework/base/CApplication.php(185): CWebApplication->processRequest()
#2 /var/www/html/index.php(13): CApplication->run()
#3 {main}
REQUEST_URI=/favicon.ico
HTTP_REFERER=http://localhost:8080/
---
2025/07/08 13:06:53 [error] [exception.CHttpException.404] CHttpException: Unable to resolve the request "favicon.ico". in /var/www/html/framework/web/CWebApplication.php:286
Stack trace:
#0 /var/www/html/framework/web/CWebApplication.php(141): CWebApplication->runController('favicon.ico')
#1 /var/www/html/framework/base/CApplication.php(185): CWebApplication->processRequest()
#2 /var/www/html/index.php(13): CApplication->run()
#3 {main}
REQUEST_URI=/favicon.ico
HTTP_REFERER=http://localhost:8080/
---
2025/07/08 13:07:19 [error] [exception.CHttpException.404] CHttpException: Unable to resolve the request "favicon.ico". in /var/www/html/framework/web/CWebApplication.php:286
Stack trace:
#0 /var/www/html/framework/web/CWebApplication.php(141): CWebApplication->runController('favicon.ico')
#1 /var/www/html/framework/base/CApplication.php(185): CWebApplication->processRequest()
#2 /var/www/html/index.php(13): CApplication->run()
#3 {main}
REQUEST_URI=/favicon.ico
HTTP_REFERER=http://localhost:8080/
---
